<?xml version="1.0" encoding="UTF-8"?>
<!-- Generated by org.testng.reporters.JUnitReportReporter -->
<testsuite hostname="YashW" failures="0" tests="2" name="yashwardhan.SFD.tests.ErrorValidationTest" time="17.036" errors="0" timestamp="2024-08-25T09:31:44 EDT" skipped="0">
  <testcase classname="yashwardhan.SFD.tests.ErrorValidationTest" name="ProductErrorValidation" time="9.796"/>
  <testcase classname="yashwardhan.SFD.tests.ErrorValidationTest" name="LoginErrorValidation" time="7.240"/>
</testsuite> <!-- yashwardhan.SFD.tests.ErrorValidationTest -->
