<?xml version="1.0" encoding="UTF-8"?>
<!-- Generated by org.testng.reporters.JUnitReportReporter -->
<testsuite hostname="YashW" failures="0" tests="1" name="yashwardhan.SFD.cucumber.TestNGTestRunner" time="10.234" errors="0" timestamp="2024-08-21T01:30:22 EDT" skipped="0">
  <testcase classname="yashwardhan.SFD.cucumber.TestNGTestRunner" name="runScenario" time="10.234"/>
</testsuite> <!-- yashwardhan.SFD.cucumber.TestNGTestRunner -->
