<?xml version="1.0" encoding="UTF-8"?>
<!-- Generated by org.testng.reporters.JUnitReportReporter -->
<testsuite hostname="YashW" failures="0" tests="1" name="yashwardhan.SFD.tests.ErrorValidation" time="7.840" errors="0" timestamp="2024-08-19T04:00:04 EDT" skipped="0">
  <testcase classname="yashwardhan.SFD.tests.ErrorValidation" name="validate" time="7.840"/>
</testsuite> <!-- yashwardhan.SFD.tests.ErrorValidation -->
