<?xml version="1.0" encoding="UTF-8"?>
<!-- Generated by org.testng.reporters.JUnitReportReporter -->
<testsuite hostname="YashW" failures="0" tests="4" name="yashwardhan.SFD.tests.SubmitOrderTest" time="37.854" errors="0" timestamp="2024-08-25T09:31:44 EDT" skipped="0">
  <testcase classname="yashwardhan.SFD.tests.SubmitOrderTest" name="OrderHistoryCheck" time="8.660"/>
  <testcase classname="yashwardhan.SFD.tests.SubmitOrderTest" name="SumbitAnOrder" time="9.922"/>
  <testcase classname="yashwardhan.SFD.tests.SubmitOrderTest" name="SumbitAnOrder" time="10.035"/>
  <testcase classname="yashwardhan.SFD.tests.SubmitOrderTest" name="OrderHistoryCheck" time="9.237"/>
</testsuite> <!-- yashwardhan.SFD.tests.SubmitOrderTest -->
