<?xml version="1.0" encoding="UTF-8"?>
<!-- Generated by org.testng.reporters.JUnitReportReporter -->
<testsuite hostname="YashW" failures="0" tests="4" name="yashwardhan.SFD.tests.SubmitOrderTest" time="36.669" errors="0" timestamp="2024-08-20T20:35:04 EDT" skipped="0">
  <testcase classname="yashwardhan.SFD.tests.SubmitOrderTest" name="OrderHistoryCheck" time="8.553"/>
  <testcase classname="yashwardhan.SFD.tests.SubmitOrderTest" name="SumbitAnOrder" time="10.535"/>
  <testcase classname="yashwardhan.SFD.tests.SubmitOrderTest" name="SumbitAnOrder" time="9.267"/>
  <testcase classname="yashwardhan.SFD.tests.SubmitOrderTest" name="OrderHistoryCheck" time="8.314"/>
</testsuite> <!-- yashwardhan.SFD.tests.SubmitOrderTest -->
